Copyright 1986-2020 Xilinx, Inc. All Rights Reserved.
--------------------------------------------------------------------------------------------------------------------------------------------------------------
| Tool Version : Vivado v.2020.2 (win64) Build 3064766 Wed Nov 18 09:12:45 MST 2020
| Date         : Thu Apr  6 22:45:41 2023
| Host         : LAPTOP-C9N1JGD5 running 64-bit major release  (build 9200)
| Command      : report_methodology -file au_top_0_methodology_drc_routed.rpt -pb au_top_0_methodology_drc_routed.pb -rpx au_top_0_methodology_drc_routed.rpx
| Design       : au_top_0
| Device       : xc7a35tftg256-1
| Speed File   : -1
| Design State : Fully Routed
--------------------------------------------------------------------------------------------------------------------------------------------------------------

Report Methodology

Table of Contents
-----------------
1. REPORT SUMMARY
2. REPORT DETAILS

1. REPORT SUMMARY
-----------------
            Netlist: netlist
          Floorplan: design_1
      Design limits: <entire design considered>
             Max violations: <unlimited>
             Violations found: 216
+-----------+----------+-------------------------------+------------+
| Rule      | Severity | Description                   | Violations |
+-----------+----------+-------------------------------+------------+
| SYNTH-13  | Warning  | combinational multiplier      | 1          |
| TIMING-16 | Warning  | Large setup violation         | 172        |
| TIMING-18 | Warning  | Missing input or output delay | 42         |
| TIMING-20 | Warning  | Non-clocked latch             | 1          |
+-----------+----------+-------------------------------+------------+

2. REPORT DETAILS
-----------------
SYNTH-13#1 Warning
combinational multiplier  
Detected combinational multiplier in DSP instance game_machine/alu_unit/multiplyUnit/out0.
Related violations: <none>

TIMING-16#1 Warning
Large setup violation  
There is a large setup violation of -1.002 ns between game_reset_btn_cond/M_ctr_q_reg[19]/C (clocked by clk_0) and game_machine/regfile_unit/M_round_num_reg_q_reg[2]/D (clocked by clk_0). Large setup violations at the end of those stages might be difficult to fix during the post-placement implementation flow and could be the result of non-optimal XDC constraints or non-optimal design architecture
Related violations: <none>

TIMING-16#2 Warning
Large setup violation  
There is a large setup violation of -1.003 ns between game_reset_btn_cond/M_ctr_q_reg[19]/C (clocked by clk_0) and game_machine/regfile_unit/M_p1_button_q_reg[2]/D (clocked by clk_0). Large setup violations at the end of those stages might be difficult to fix during the post-placement implementation flow and could be the result of non-optimal XDC constraints or non-optimal design architecture
Related violations: <none>

TIMING-16#3 Warning
Large setup violation  
There is a large setup violation of -1.005 ns between game_reset_btn_cond/M_ctr_q_reg[19]/C (clocked by clk_0) and game_machine/regfile_unit/M_free_regD_q_reg[8]/D (clocked by clk_0). Large setup violations at the end of those stages might be difficult to fix during the post-placement implementation flow and could be the result of non-optimal XDC constraints or non-optimal design architecture
Related violations: <none>

TIMING-16#4 Warning
Large setup violation  
There is a large setup violation of -1.006 ns between game_reset_btn_cond/M_ctr_q_reg[19]/C (clocked by clk_0) and game_machine/regfile_unit/M_p1_ban_reg_q_reg[11]/D (clocked by clk_0). Large setup violations at the end of those stages might be difficult to fix during the post-placement implementation flow and could be the result of non-optimal XDC constraints or non-optimal design architecture
Related violations: <none>

TIMING-16#5 Warning
Large setup violation  
There is a large setup violation of -1.008 ns between game_reset_btn_cond/M_ctr_q_reg[19]/C (clocked by clk_0) and game_machine/regfile_unit/M_display_config_reg_q_reg[2]/D (clocked by clk_0). Large setup violations at the end of those stages might be difficult to fix during the post-placement implementation flow and could be the result of non-optimal XDC constraints or non-optimal design architecture
Related violations: <none>

TIMING-16#6 Warning
Large setup violation  
There is a large setup violation of -1.009 ns between game_reset_btn_cond/M_ctr_q_reg[19]/C (clocked by clk_0) and game_machine/regfile_unit/M_p2_ban_reg_q_reg[9]/D (clocked by clk_0). Large setup violations at the end of those stages might be difficult to fix during the post-placement implementation flow and could be the result of non-optimal XDC constraints or non-optimal design architecture
Related violations: <none>

TIMING-16#7 Warning
Large setup violation  
There is a large setup violation of -1.010 ns between game_reset_btn_cond/M_ctr_q_reg[19]/C (clocked by clk_0) and game_machine/regfile_unit/M_free_regD_q_reg[15]/D (clocked by clk_0). Large setup violations at the end of those stages might be difficult to fix during the post-placement implementation flow and could be the result of non-optimal XDC constraints or non-optimal design architecture
Related violations: <none>

TIMING-16#8 Warning
Large setup violation  
There is a large setup violation of -1.013 ns between game_reset_btn_cond/M_ctr_q_reg[19]/C (clocked by clk_0) and game_machine/regfile_unit/M_free_regB_q_reg[5]/D (clocked by clk_0). Large setup violations at the end of those stages might be difficult to fix during the post-placement implementation flow and could be the result of non-optimal XDC constraints or non-optimal design architecture
Related violations: <none>

TIMING-16#9 Warning
Large setup violation  
There is a large setup violation of -1.014 ns between game_reset_btn_cond/M_ctr_q_reg[19]/C (clocked by clk_0) and game_machine/regfile_unit/M_round_ans_reg_q_reg[8]/D (clocked by clk_0). Large setup violations at the end of those stages might be difficult to fix during the post-placement implementation flow and could be the result of non-optimal XDC constraints or non-optimal design architecture
Related violations: <none>

TIMING-16#10 Warning
Large setup violation  
There is a large setup violation of -1.020 ns between game_reset_btn_cond/M_ctr_q_reg[19]/C (clocked by clk_0) and game_machine/regfile_unit/M_free_regD_q_reg[12]/D (clocked by clk_0). Large setup violations at the end of those stages might be difficult to fix during the post-placement implementation flow and could be the result of non-optimal XDC constraints or non-optimal design architecture
Related violations: <none>

TIMING-16#11 Warning
Large setup violation  
There is a large setup violation of -1.022 ns between game_reset_btn_cond/M_ctr_q_reg[19]/C (clocked by clk_0) and game_machine/regfile_unit/M_round_num_reg_q_reg[3]/D (clocked by clk_0). Large setup violations at the end of those stages might be difficult to fix during the post-placement implementation flow and could be the result of non-optimal XDC constraints or non-optimal design architecture
Related violations: <none>

TIMING-16#12 Warning
Large setup violation  
There is a large setup violation of -1.023 ns between game_reset_btn_cond/M_ctr_q_reg[19]/C (clocked by clk_0) and game_machine/regfile_unit/M_p1_ban_reg_q_reg[8]/D (clocked by clk_0). Large setup violations at the end of those stages might be difficult to fix during the post-placement implementation flow and could be the result of non-optimal XDC constraints or non-optimal design architecture
Related violations: <none>

TIMING-16#13 Warning
Large setup violation  
There is a large setup violation of -1.024 ns between game_reset_btn_cond/M_ctr_q_reg[19]/C (clocked by clk_0) and game_machine/regfile_unit/M_p1_button_q_reg[12]/D (clocked by clk_0). Large setup violations at the end of those stages might be difficult to fix during the post-placement implementation flow and could be the result of non-optimal XDC constraints or non-optimal design architecture
Related violations: <none>

TIMING-16#14 Warning
Large setup violation  
There is a large setup violation of -1.024 ns between game_reset_btn_cond/M_ctr_q_reg[19]/C (clocked by clk_0) and game_machine/regfile_unit/M_p1_scorereg_q_reg[8]/D (clocked by clk_0). Large setup violations at the end of those stages might be difficult to fix during the post-placement implementation flow and could be the result of non-optimal XDC constraints or non-optimal design architecture
Related violations: <none>

TIMING-16#15 Warning
Large setup violation  
There is a large setup violation of -1.025 ns between game_reset_btn_cond/M_ctr_q_reg[19]/C (clocked by clk_0) and game_machine/regfile_unit/M_free_regF_q_reg[2]_lopt_replica/D (clocked by clk_0). Large setup violations at the end of those stages might be difficult to fix during the post-placement implementation flow and could be the result of non-optimal XDC constraints or non-optimal design architecture
Related violations: <none>

TIMING-16#16 Warning
Large setup violation  
There is a large setup violation of -1.030 ns between game_reset_btn_cond/M_ctr_q_reg[19]/C (clocked by clk_0) and game_machine/regfile_unit/M_p1_button_q_reg[7]/D (clocked by clk_0). Large setup violations at the end of those stages might be difficult to fix during the post-placement implementation flow and could be the result of non-optimal XDC constraints or non-optimal design architecture
Related violations: <none>

TIMING-16#17 Warning
Large setup violation  
There is a large setup violation of -1.033 ns between game_reset_btn_cond/M_ctr_q_reg[19]/C (clocked by clk_0) and game_machine/regfile_unit/M_free_regB_q_reg[11]/D (clocked by clk_0). Large setup violations at the end of those stages might be difficult to fix during the post-placement implementation flow and could be the result of non-optimal XDC constraints or non-optimal design architecture
Related violations: <none>

TIMING-16#18 Warning
Large setup violation  
There is a large setup violation of -1.035 ns between game_reset_btn_cond/M_ctr_q_reg[19]/C (clocked by clk_0) and game_machine/regfile_unit/M_free_regC_q_reg[8]/D (clocked by clk_0). Large setup violations at the end of those stages might be difficult to fix during the post-placement implementation flow and could be the result of non-optimal XDC constraints or non-optimal design architecture
Related violations: <none>

TIMING-16#19 Warning
Large setup violation  
There is a large setup violation of -1.036 ns between game_reset_btn_cond/M_ctr_q_reg[19]/C (clocked by clk_0) and game_machine/regfile_unit/M_free_regC_q_reg[6]/D (clocked by clk_0). Large setup violations at the end of those stages might be difficult to fix during the post-placement implementation flow and could be the result of non-optimal XDC constraints or non-optimal design architecture
Related violations: <none>

TIMING-16#20 Warning
Large setup violation  
There is a large setup violation of -1.036 ns between game_reset_btn_cond/M_ctr_q_reg[19]/C (clocked by clk_0) and game_machine/regfile_unit/M_free_regE_q_reg[8]/D (clocked by clk_0). Large setup violations at the end of those stages might be difficult to fix during the post-placement implementation flow and could be the result of non-optimal XDC constraints or non-optimal design architecture
Related violations: <none>

TIMING-16#21 Warning
Large setup violation  
There is a large setup violation of -1.038 ns between game_reset_btn_cond/M_ctr_q_reg[19]/C (clocked by clk_0) and game_machine/regfile_unit/M_round_num_reg_q_reg[1]/D (clocked by clk_0). Large setup violations at the end of those stages might be difficult to fix during the post-placement implementation flow and could be the result of non-optimal XDC constraints or non-optimal design architecture
Related violations: <none>

TIMING-16#22 Warning
Large setup violation  
There is a large setup violation of -1.039 ns between game_reset_btn_cond/M_ctr_q_reg[19]/C (clocked by clk_0) and game_machine/regfile_unit/M_p1_ban_reg_q_reg[2]/D (clocked by clk_0). Large setup violations at the end of those stages might be difficult to fix during the post-placement implementation flow and could be the result of non-optimal XDC constraints or non-optimal design architecture
Related violations: <none>

TIMING-16#23 Warning
Large setup violation  
There is a large setup violation of -1.039 ns between game_reset_btn_cond/M_ctr_q_reg[19]/C (clocked by clk_0) and game_machine/regfile_unit/M_p2_scorereg_q_reg[12]/D (clocked by clk_0). Large setup violations at the end of those stages might be difficult to fix during the post-placement implementation flow and could be the result of non-optimal XDC constraints or non-optimal design architecture
Related violations: <none>

TIMING-16#24 Warning
Large setup violation  
There is a large setup violation of -1.040 ns between game_reset_btn_cond/M_ctr_q_reg[19]/C (clocked by clk_0) and game_machine/regfile_unit/M_p2_button_q_reg[0]/D (clocked by clk_0). Large setup violations at the end of those stages might be difficult to fix during the post-placement implementation flow and could be the result of non-optimal XDC constraints or non-optimal design architecture
Related violations: <none>

TIMING-16#25 Warning
Large setup violation  
There is a large setup violation of -1.041 ns between game_reset_btn_cond/M_ctr_q_reg[19]/C (clocked by clk_0) and game_machine/regfile_unit/M_free_regB_q_reg[3]/D (clocked by clk_0). Large setup violations at the end of those stages might be difficult to fix during the post-placement implementation flow and could be the result of non-optimal XDC constraints or non-optimal design architecture
Related violations: <none>

TIMING-16#26 Warning
Large setup violation  
There is a large setup violation of -1.044 ns between game_reset_btn_cond/M_ctr_q_reg[19]/C (clocked by clk_0) and game_machine/regfile_unit/M_free_regC_q_reg[12]/D (clocked by clk_0). Large setup violations at the end of those stages might be difficult to fix during the post-placement implementation flow and could be the result of non-optimal XDC constraints or non-optimal design architecture
Related violations: <none>

TIMING-16#27 Warning
Large setup violation  
There is a large setup violation of -1.045 ns between game_reset_btn_cond/M_ctr_q_reg[19]/C (clocked by clk_0) and game_machine/regfile_unit/M_free_regE_q_reg[10]/D (clocked by clk_0). Large setup violations at the end of those stages might be difficult to fix during the post-placement implementation flow and could be the result of non-optimal XDC constraints or non-optimal design architecture
Related violations: <none>

TIMING-16#28 Warning
Large setup violation  
There is a large setup violation of -1.047 ns between game_reset_btn_cond/M_ctr_q_reg[19]/C (clocked by clk_0) and game_machine/regfile_unit/M_free_regE_q_reg[11]/D (clocked by clk_0). Large setup violations at the end of those stages might be difficult to fix during the post-placement implementation flow and could be the result of non-optimal XDC constraints or non-optimal design architecture
Related violations: <none>

TIMING-16#29 Warning
Large setup violation  
There is a large setup violation of -1.047 ns between game_reset_btn_cond/M_ctr_q_reg[19]/C (clocked by clk_0) and game_machine/regfile_unit/M_p1_scorereg_q_reg[1]/D (clocked by clk_0). Large setup violations at the end of those stages might be difficult to fix during the post-placement implementation flow and could be the result of non-optimal XDC constraints or non-optimal design architecture
Related violations: <none>

TIMING-16#30 Warning
Large setup violation  
There is a large setup violation of -1.049 ns between game_reset_btn_cond/M_ctr_q_reg[19]/C (clocked by clk_0) and game_machine/regfile_unit/M_round_countdown_reg_q_reg[3]/D (clocked by clk_0). Large setup violations at the end of those stages might be difficult to fix during the post-placement implementation flow and could be the result of non-optimal XDC constraints or non-optimal design architecture
Related violations: <none>

TIMING-16#31 Warning
Large setup violation  
There is a large setup violation of -1.050 ns between game_reset_btn_cond/M_ctr_q_reg[19]/C (clocked by clk_0) and game_machine/regfile_unit/M_display_config_reg_q_reg[5]/D (clocked by clk_0). Large setup violations at the end of those stages might be difficult to fix during the post-placement implementation flow and could be the result of non-optimal XDC constraints or non-optimal design architecture
Related violations: <none>

TIMING-16#32 Warning
Large setup violation  
There is a large setup violation of -1.052 ns between game_reset_btn_cond/M_ctr_q_reg[19]/C (clocked by clk_0) and game_machine/regfile_unit/M_free_regD_q_reg[7]/D (clocked by clk_0). Large setup violations at the end of those stages might be difficult to fix during the post-placement implementation flow and could be the result of non-optimal XDC constraints or non-optimal design architecture
Related violations: <none>

TIMING-16#33 Warning
Large setup violation  
There is a large setup violation of -1.052 ns between game_reset_btn_cond/M_ctr_q_reg[19]/C (clocked by clk_0) and game_machine/regfile_unit/M_free_regE_q_reg[6]/D (clocked by clk_0). Large setup violations at the end of those stages might be difficult to fix during the post-placement implementation flow and could be the result of non-optimal XDC constraints or non-optimal design architecture
Related violations: <none>

TIMING-16#34 Warning
Large setup violation  
There is a large setup violation of -1.052 ns between game_reset_btn_cond/M_ctr_q_reg[19]/C (clocked by clk_0) and game_machine/regfile_unit/M_p2_button_q_reg[0]_lopt_replica/D (clocked by clk_0). Large setup violations at the end of those stages might be difficult to fix during the post-placement implementation flow and could be the result of non-optimal XDC constraints or non-optimal design architecture
Related violations: <none>

TIMING-16#35 Warning
Large setup violation  
There is a large setup violation of -1.052 ns between game_reset_btn_cond/M_ctr_q_reg[19]/C (clocked by clk_0) and game_machine/regfile_unit/M_round_countdown_reg_q_reg[6]/D (clocked by clk_0). Large setup violations at the end of those stages might be difficult to fix during the post-placement implementation flow and could be the result of non-optimal XDC constraints or non-optimal design architecture
Related violations: <none>

TIMING-16#36 Warning
Large setup violation  
There is a large setup violation of -1.053 ns between game_reset_btn_cond/M_ctr_q_reg[19]/C (clocked by clk_0) and game_machine/regfile_unit/M_free_regB_q_reg[2]/D (clocked by clk_0). Large setup violations at the end of those stages might be difficult to fix during the post-placement implementation flow and could be the result of non-optimal XDC constraints or non-optimal design architecture
Related violations: <none>

TIMING-16#37 Warning
Large setup violation  
There is a large setup violation of -1.053 ns between game_reset_btn_cond/M_ctr_q_reg[19]/C (clocked by clk_0) and game_machine/regfile_unit/M_round_ans_reg_q_reg[2]_lopt_replica/D (clocked by clk_0). Large setup violations at the end of those stages might be difficult to fix during the post-placement implementation flow and could be the result of non-optimal XDC constraints or non-optimal design architecture
Related violations: <none>

TIMING-16#38 Warning
Large setup violation  
There is a large setup violation of -1.056 ns between game_reset_btn_cond/M_ctr_q_reg[19]/C (clocked by clk_0) and game_machine/regfile_unit/M_round_ans_reg_q_reg[12]/D (clocked by clk_0). Large setup violations at the end of those stages might be difficult to fix during the post-placement implementation flow and could be the result of non-optimal XDC constraints or non-optimal design architecture
Related violations: <none>

TIMING-16#39 Warning
Large setup violation  
There is a large setup violation of -1.057 ns between game_reset_btn_cond/M_ctr_q_reg[19]/C (clocked by clk_0) and game_machine/regfile_unit/M_p1_button_q_reg[13]/D (clocked by clk_0). Large setup violations at the end of those stages might be difficult to fix during the post-placement implementation flow and could be the result of non-optimal XDC constraints or non-optimal design architecture
Related violations: <none>

TIMING-16#40 Warning
Large setup violation  
There is a large setup violation of -1.060 ns between game_reset_btn_cond/M_ctr_q_reg[19]/C (clocked by clk_0) and game_machine/regfile_unit/M_round_countdown_reg_q_reg[1]/D (clocked by clk_0). Large setup violations at the end of those stages might be difficult to fix during the post-placement implementation flow and could be the result of non-optimal XDC constraints or non-optimal design architecture
Related violations: <none>

TIMING-16#41 Warning
Large setup violation  
There is a large setup violation of -1.061 ns between game_reset_btn_cond/M_ctr_q_reg[19]/C (clocked by clk_0) and game_machine/regfile_unit/M_display_config_reg_q_reg[3]/D (clocked by clk_0). Large setup violations at the end of those stages might be difficult to fix during the post-placement implementation flow and could be the result of non-optimal XDC constraints or non-optimal design architecture
Related violations: <none>

TIMING-16#42 Warning
Large setup violation  
There is a large setup violation of -1.062 ns between game_reset_btn_cond/M_ctr_q_reg[19]/C (clocked by clk_0) and game_machine/regfile_unit/M_p2_scorereg_q_reg[1]/D (clocked by clk_0). Large setup violations at the end of those stages might be difficult to fix during the post-placement implementation flow and could be the result of non-optimal XDC constraints or non-optimal design architecture
Related violations: <none>

TIMING-16#43 Warning
Large setup violation  
There is a large setup violation of -1.062 ns between game_reset_btn_cond/M_ctr_q_reg[19]/C (clocked by clk_0) and game_machine/regfile_unit/M_round_num_reg_q_reg[6]/D (clocked by clk_0). Large setup violations at the end of those stages might be difficult to fix during the post-placement implementation flow and could be the result of non-optimal XDC constraints or non-optimal design architecture
Related violations: <none>

TIMING-16#44 Warning
Large setup violation  
There is a large setup violation of -1.063 ns between game_reset_btn_cond/M_ctr_q_reg[19]/C (clocked by clk_0) and game_machine/regfile_unit/M_round_num_reg_q_reg[10]/D (clocked by clk_0). Large setup violations at the end of those stages might be difficult to fix during the post-placement implementation flow and could be the result of non-optimal XDC constraints or non-optimal design architecture
Related violations: <none>

TIMING-16#45 Warning
Large setup violation  
There is a large setup violation of -1.064 ns between game_reset_btn_cond/M_ctr_q_reg[19]/C (clocked by clk_0) and game_machine/regfile_unit/M_p1_button_q_reg[8]/D (clocked by clk_0). Large setup violations at the end of those stages might be difficult to fix during the post-placement implementation flow and could be the result of non-optimal XDC constraints or non-optimal design architecture
Related violations: <none>

TIMING-16#46 Warning
Large setup violation  
There is a large setup violation of -1.066 ns between game_reset_btn_cond/M_ctr_q_reg[19]/C (clocked by clk_0) and game_machine/regfile_unit/M_free_regE_q_reg[3]/D (clocked by clk_0). Large setup violations at the end of those stages might be difficult to fix during the post-placement implementation flow and could be the result of non-optimal XDC constraints or non-optimal design architecture
Related violations: <none>

TIMING-16#47 Warning
Large setup violation  
There is a large setup violation of -1.066 ns between game_reset_btn_cond/M_ctr_q_reg[19]/C (clocked by clk_0) and game_machine/regfile_unit/M_free_regF_q_reg[1]/D (clocked by clk_0). Large setup violations at the end of those stages might be difficult to fix during the post-placement implementation flow and could be the result of non-optimal XDC constraints or non-optimal design architecture
Related violations: <none>

TIMING-16#48 Warning
Large setup violation  
There is a large setup violation of -1.066 ns between game_reset_btn_cond/M_ctr_q_reg[19]/C (clocked by clk_0) and game_machine/regfile_unit/M_p2_ban_reg_q_reg[10]/D (clocked by clk_0). Large setup violations at the end of those stages might be difficult to fix during the post-placement implementation flow and could be the result of non-optimal XDC constraints or non-optimal design architecture
Related violations: <none>

TIMING-16#49 Warning
Large setup violation  
There is a large setup violation of -1.069 ns between game_reset_btn_cond/M_ctr_q_reg[19]/C (clocked by clk_0) and game_machine/regfile_unit/M_p2_ban_reg_q_reg[5]/D (clocked by clk_0). Large setup violations at the end of those stages might be difficult to fix during the post-placement implementation flow and could be the result of non-optimal XDC constraints or non-optimal design architecture
Related violations: <none>

TIMING-16#50 Warning
Large setup violation  
There is a large setup violation of -1.073 ns between game_reset_btn_cond/M_ctr_q_reg[19]/C (clocked by clk_0) and game_machine/regfile_unit/M_free_regB_q_reg[6]/D (clocked by clk_0). Large setup violations at the end of those stages might be difficult to fix during the post-placement implementation flow and could be the result of non-optimal XDC constraints or non-optimal design architecture
Related violations: <none>

TIMING-16#51 Warning
Large setup violation  
There is a large setup violation of -1.074 ns between game_reset_btn_cond/M_ctr_q_reg[19]/C (clocked by clk_0) and game_machine/regfile_unit/M_p2_scorereg_q_reg[7]/D (clocked by clk_0). Large setup violations at the end of those stages might be difficult to fix during the post-placement implementation flow and could be the result of non-optimal XDC constraints or non-optimal design architecture
Related violations: <none>

TIMING-16#52 Warning
Large setup violation  
There is a large setup violation of -1.075 ns between game_reset_btn_cond/M_ctr_q_reg[19]/C (clocked by clk_0) and game_machine/regfile_unit/M_free_regE_q_reg[1]/D (clocked by clk_0). Large setup violations at the end of those stages might be difficult to fix during the post-placement implementation flow and could be the result of non-optimal XDC constraints or non-optimal design architecture
Related violations: <none>

TIMING-16#53 Warning
Large setup violation  
There is a large setup violation of -1.077 ns between game_reset_btn_cond/M_ctr_q_reg[19]/C (clocked by clk_0) and game_machine/regfile_unit/M_p2_scorereg_q_reg[13]/D (clocked by clk_0). Large setup violations at the end of those stages might be difficult to fix during the post-placement implementation flow and could be the result of non-optimal XDC constraints or non-optimal design architecture
Related violations: <none>

TIMING-16#54 Warning
Large setup violation  
There is a large setup violation of -1.080 ns between game_reset_btn_cond/M_ctr_q_reg[19]/C (clocked by clk_0) and game_machine/regfile_unit/M_round_num_reg_q_reg[12]/D (clocked by clk_0). Large setup violations at the end of those stages might be difficult to fix during the post-placement implementation flow and could be the result of non-optimal XDC constraints or non-optimal design architecture
Related violations: <none>

TIMING-16#55 Warning
Large setup violation  
There is a large setup violation of -1.082 ns between game_reset_btn_cond/M_ctr_q_reg[19]/C (clocked by clk_0) and game_machine/regfile_unit/M_p1_ban_reg_q_reg[6]/D (clocked by clk_0). Large setup violations at the end of those stages might be difficult to fix during the post-placement implementation flow and could be the result of non-optimal XDC constraints or non-optimal design architecture
Related violations: <none>

TIMING-16#56 Warning
Large setup violation  
There is a large setup violation of -1.089 ns between game_reset_btn_cond/M_ctr_q_reg[19]/C (clocked by clk_0) and game_machine/regfile_unit/M_free_regF_q_reg[1]_lopt_replica/D (clocked by clk_0). Large setup violations at the end of those stages might be difficult to fix during the post-placement implementation flow and could be the result of non-optimal XDC constraints or non-optimal design architecture
Related violations: <none>

TIMING-16#57 Warning
Large setup violation  
There is a large setup violation of -1.090 ns between game_reset_btn_cond/M_ctr_q_reg[19]/C (clocked by clk_0) and game_machine/regfile_unit/M_free_regD_q_reg[1]/D (clocked by clk_0). Large setup violations at the end of those stages might be difficult to fix during the post-placement implementation flow and could be the result of non-optimal XDC constraints or non-optimal design architecture
Related violations: <none>

TIMING-16#58 Warning
Large setup violation  
There is a large setup violation of -1.092 ns between game_reset_btn_cond/M_ctr_q_reg[19]/C (clocked by clk_0) and game_machine/regfile_unit/M_display_config_reg_q_reg[4]/D (clocked by clk_0). Large setup violations at the end of those stages might be difficult to fix during the post-placement implementation flow and could be the result of non-optimal XDC constraints or non-optimal design architecture
Related violations: <none>

TIMING-16#59 Warning
Large setup violation  
There is a large setup violation of -1.093 ns between game_reset_btn_cond/M_ctr_q_reg[19]/C (clocked by clk_0) and game_machine/regfile_unit/M_p2_ban_reg_q_reg[4]/D (clocked by clk_0). Large setup violations at the end of those stages might be difficult to fix during the post-placement implementation flow and could be the result of non-optimal XDC constraints or non-optimal design architecture
Related violations: <none>

TIMING-16#60 Warning
Large setup violation  
There is a large setup violation of -1.095 ns between game_reset_btn_cond/M_ctr_q_reg[19]/C (clocked by clk_0) and game_machine/regfile_unit/M_p2_scorereg_q_reg[10]/D (clocked by clk_0). Large setup violations at the end of those stages might be difficult to fix during the post-placement implementation flow and could be the result of non-optimal XDC constraints or non-optimal design architecture
Related violations: <none>

TIMING-16#61 Warning
Large setup violation  
There is a large setup violation of -1.103 ns between game_reset_btn_cond/M_ctr_q_reg[19]/C (clocked by clk_0) and game_machine/regfile_unit/M_p1_button_q_reg[4]/D (clocked by clk_0). Large setup violations at the end of those stages might be difficult to fix during the post-placement implementation flow and could be the result of non-optimal XDC constraints or non-optimal design architecture
Related violations: <none>

TIMING-16#62 Warning
Large setup violation  
There is a large setup violation of -1.104 ns between game_reset_btn_cond/M_ctr_q_reg[19]/C (clocked by clk_0) and game_machine/regfile_unit/M_free_regD_q_reg[4]/D (clocked by clk_0). Large setup violations at the end of those stages might be difficult to fix during the post-placement implementation flow and could be the result of non-optimal XDC constraints or non-optimal design architecture
Related violations: <none>

TIMING-16#63 Warning
Large setup violation  
There is a large setup violation of -1.106 ns between game_reset_btn_cond/M_ctr_q_reg[19]/C (clocked by clk_0) and game_machine/regfile_unit/M_free_regC_q_reg[5]/D (clocked by clk_0). Large setup violations at the end of those stages might be difficult to fix during the post-placement implementation flow and could be the result of non-optimal XDC constraints or non-optimal design architecture
Related violations: <none>

TIMING-16#64 Warning
Large setup violation  
There is a large setup violation of -1.106 ns between game_reset_btn_cond/M_ctr_q_reg[19]/C (clocked by clk_0) and game_machine/regfile_unit/M_p2_ban_reg_q_reg[1]/D (clocked by clk_0). Large setup violations at the end of those stages might be difficult to fix during the post-placement implementation flow and could be the result of non-optimal XDC constraints or non-optimal design architecture
Related violations: <none>

TIMING-16#65 Warning
Large setup violation  
There is a large setup violation of -1.109 ns between game_reset_btn_cond/M_ctr_q_reg[19]/C (clocked by clk_0) and game_machine/regfile_unit/M_display_config_reg_q_reg[0]/D (clocked by clk_0). Large setup violations at the end of those stages might be difficult to fix during the post-placement implementation flow and could be the result of non-optimal XDC constraints or non-optimal design architecture
Related violations: <none>

TIMING-16#66 Warning
Large setup violation  
There is a large setup violation of -1.110 ns between game_reset_btn_cond/M_ctr_q_reg[19]/C (clocked by clk_0) and game_machine/regfile_unit/M_p2_button_q_reg[5]/D (clocked by clk_0). Large setup violations at the end of those stages might be difficult to fix during the post-placement implementation flow and could be the result of non-optimal XDC constraints or non-optimal design architecture
Related violations: <none>

TIMING-16#67 Warning
Large setup violation  
There is a large setup violation of -1.112 ns between game_reset_btn_cond/M_ctr_q_reg[19]/C (clocked by clk_0) and game_machine/regfile_unit/M_free_regE_q_reg[4]/D (clocked by clk_0). Large setup violations at the end of those stages might be difficult to fix during the post-placement implementation flow and could be the result of non-optimal XDC constraints or non-optimal design architecture
Related violations: <none>

TIMING-16#68 Warning
Large setup violation  
There is a large setup violation of -1.113 ns between game_reset_btn_cond/M_ctr_q_reg[19]/C (clocked by clk_0) and game_machine/regfile_unit/M_p2_button_q_reg[2]/D (clocked by clk_0). Large setup violations at the end of those stages might be difficult to fix during the post-placement implementation flow and could be the result of non-optimal XDC constraints or non-optimal design architecture
Related violations: <none>

TIMING-16#69 Warning
Large setup violation  
There is a large setup violation of -1.113 ns between game_reset_btn_cond/M_ctr_q_reg[19]/C (clocked by clk_0) and game_machine/regfile_unit/M_round_ans_reg_q_reg[4]/D (clocked by clk_0). Large setup violations at the end of those stages might be difficult to fix during the post-placement implementation flow and could be the result of non-optimal XDC constraints or non-optimal design architecture
Related violations: <none>

TIMING-16#70 Warning
Large setup violation  
There is a large setup violation of -1.115 ns between game_reset_btn_cond/M_ctr_q_reg[19]/C (clocked by clk_0) and game_machine/regfile_unit/M_p1_scorereg_q_reg[4]/D (clocked by clk_0). Large setup violations at the end of those stages might be difficult to fix during the post-placement implementation flow and could be the result of non-optimal XDC constraints or non-optimal design architecture
Related violations: <none>

TIMING-16#71 Warning
Large setup violation  
There is a large setup violation of -1.116 ns between game_reset_btn_cond/M_ctr_q_reg[19]/C (clocked by clk_0) and game_machine/regfile_unit/M_free_regF_q_reg[4]/D (clocked by clk_0). Large setup violations at the end of those stages might be difficult to fix during the post-placement implementation flow and could be the result of non-optimal XDC constraints or non-optimal design architecture
Related violations: <none>

TIMING-16#72 Warning
Large setup violation  
There is a large setup violation of -1.116 ns between game_reset_btn_cond/M_ctr_q_reg[19]/C (clocked by clk_0) and game_machine/regfile_unit/M_p1_ban_reg_q_reg[10]/D (clocked by clk_0). Large setup violations at the end of those stages might be difficult to fix during the post-placement implementation flow and could be the result of non-optimal XDC constraints or non-optimal design architecture
Related violations: <none>

TIMING-16#73 Warning
Large setup violation  
There is a large setup violation of -1.117 ns between game_reset_btn_cond/M_ctr_q_reg[19]/C (clocked by clk_0) and game_machine/regfile_unit/M_display_config_reg_q_reg[15]/D (clocked by clk_0). Large setup violations at the end of those stages might be difficult to fix during the post-placement implementation flow and could be the result of non-optimal XDC constraints or non-optimal design architecture
Related violations: <none>

TIMING-16#74 Warning
Large setup violation  
There is a large setup violation of -1.119 ns between game_reset_btn_cond/M_ctr_q_reg[19]/C (clocked by clk_0) and game_machine/regfile_unit/M_round_ans_reg_q_reg[1]/D (clocked by clk_0). Large setup violations at the end of those stages might be difficult to fix during the post-placement implementation flow and could be the result of non-optimal XDC constraints or non-optimal design architecture
Related violations: <none>

TIMING-16#75 Warning
Large setup violation  
There is a large setup violation of -1.122 ns between game_reset_btn_cond/M_ctr_q_reg[19]/C (clocked by clk_0) and game_machine/regfile_unit/M_p2_button_q_reg[1]/D (clocked by clk_0). Large setup violations at the end of those stages might be difficult to fix during the post-placement implementation flow and could be the result of non-optimal XDC constraints or non-optimal design architecture
Related violations: <none>

TIMING-16#76 Warning
Large setup violation  
There is a large setup violation of -1.123 ns between game_reset_btn_cond/M_ctr_q_reg[19]/C (clocked by clk_0) and game_machine/regfile_unit/M_round_countdown_reg_q_reg[13]/D (clocked by clk_0). Large setup violations at the end of those stages might be difficult to fix during the post-placement implementation flow and could be the result of non-optimal XDC constraints or non-optimal design architecture
Related violations: <none>

TIMING-16#77 Warning
Large setup violation  
There is a large setup violation of -1.126 ns between game_reset_btn_cond/M_ctr_q_reg[19]/C (clocked by clk_0) and game_machine/regfile_unit/M_p1_ban_reg_q_reg[5]/D (clocked by clk_0). Large setup violations at the end of those stages might be difficult to fix during the post-placement implementation flow and could be the result of non-optimal XDC constraints or non-optimal design architecture
Related violations: <none>

TIMING-16#78 Warning
Large setup violation  
There is a large setup violation of -1.126 ns between game_reset_btn_cond/M_ctr_q_reg[19]/C (clocked by clk_0) and game_machine/regfile_unit/M_p1_scorereg_q_reg[2]/D (clocked by clk_0). Large setup violations at the end of those stages might be difficult to fix during the post-placement implementation flow and could be the result of non-optimal XDC constraints or non-optimal design architecture
Related violations: <none>

TIMING-16#79 Warning
Large setup violation  
There is a large setup violation of -1.128 ns between game_reset_btn_cond/M_ctr_q_reg[19]/C (clocked by clk_0) and game_machine/regfile_unit/M_free_regF_q_reg[4]_lopt_replica/D (clocked by clk_0). Large setup violations at the end of those stages might be difficult to fix during the post-placement implementation flow and could be the result of non-optimal XDC constraints or non-optimal design architecture
Related violations: <none>

TIMING-16#80 Warning
Large setup violation  
There is a large setup violation of -1.131 ns between game_reset_btn_cond/M_ctr_q_reg[19]/C (clocked by clk_0) and game_machine/regfile_unit/M_p1_scorereg_q_reg[13]/D (clocked by clk_0). Large setup violations at the end of those stages might be difficult to fix during the post-placement implementation flow and could be the result of non-optimal XDC constraints or non-optimal design architecture
Related violations: <none>

TIMING-16#81 Warning
Large setup violation  
There is a large setup violation of -1.132 ns between game_reset_btn_cond/M_ctr_q_reg[19]/C (clocked by clk_0) and game_machine/regfile_unit/M_free_regD_q_reg[0]/D (clocked by clk_0). Large setup violations at the end of those stages might be difficult to fix during the post-placement implementation flow and could be the result of non-optimal XDC constraints or non-optimal design architecture
Related violations: <none>

TIMING-16#82 Warning
Large setup violation  
There is a large setup violation of -1.132 ns between game_reset_btn_cond/M_ctr_q_reg[19]/C (clocked by clk_0) and game_machine/regfile_unit/M_p2_ban_reg_q_reg[0]_lopt_replica/D (clocked by clk_0). Large setup violations at the end of those stages might be difficult to fix during the post-placement implementation flow and could be the result of non-optimal XDC constraints or non-optimal design architecture
Related violations: <none>

TIMING-16#83 Warning
Large setup violation  
There is a large setup violation of -1.134 ns between game_reset_btn_cond/M_ctr_q_reg[19]/C (clocked by clk_0) and game_machine/regfile_unit/M_p2_button_q_reg[1]_lopt_replica/D (clocked by clk_0). Large setup violations at the end of those stages might be difficult to fix during the post-placement implementation flow and could be the result of non-optimal XDC constraints or non-optimal design architecture
Related violations: <none>

TIMING-16#84 Warning
Large setup violation  
There is a large setup violation of -1.134 ns between game_reset_btn_cond/M_ctr_q_reg[19]/C (clocked by clk_0) and game_machine/regfile_unit/M_round_ans_reg_q_reg[1]_lopt_replica/D (clocked by clk_0). Large setup violations at the end of those stages might be difficult to fix during the post-placement implementation flow and could be the result of non-optimal XDC constraints or non-optimal design architecture
Related violations: <none>

TIMING-16#85 Warning
Large setup violation  
There is a large setup violation of -1.135 ns between game_reset_btn_cond/M_ctr_q_reg[19]/C (clocked by clk_0) and game_machine/regfile_unit/M_round_num_reg_q_reg[8]/D (clocked by clk_0). Large setup violations at the end of those stages might be difficult to fix during the post-placement implementation flow and could be the result of non-optimal XDC constraints or non-optimal design architecture
Related violations: <none>

TIMING-16#86 Warning
Large setup violation  
There is a large setup violation of -1.136 ns between game_reset_btn_cond/M_ctr_q_reg[19]/C (clocked by clk_0) and game_machine/regfile_unit/M_free_regD_q_reg[5]/D (clocked by clk_0). Large setup violations at the end of those stages might be difficult to fix during the post-placement implementation flow and could be the result of non-optimal XDC constraints or non-optimal design architecture
Related violations: <none>

TIMING-16#87 Warning
Large setup violation  
There is a large setup violation of -1.136 ns between game_reset_btn_cond/M_ctr_q_reg[19]/C (clocked by clk_0) and game_machine/regfile_unit/M_p2_scorereg_q_reg[0]/D (clocked by clk_0). Large setup violations at the end of those stages might be difficult to fix during the post-placement implementation flow and could be the result of non-optimal XDC constraints or non-optimal design architecture
Related violations: <none>

TIMING-16#88 Warning
Large setup violation  
There is a large setup violation of -1.137 ns between game_reset_btn_cond/M_ctr_q_reg[19]/C (clocked by clk_0) and game_machine/regfile_unit/M_free_regF_q_reg[0]/D (clocked by clk_0). Large setup violations at the end of those stages might be difficult to fix during the post-placement implementation flow and could be the result of non-optimal XDC constraints or non-optimal design architecture
Related violations: <none>

TIMING-16#89 Warning
Large setup violation  
There is a large setup violation of -1.137 ns between game_reset_btn_cond/M_ctr_q_reg[19]/C (clocked by clk_0) and game_machine/regfile_unit/M_p2_ban_reg_q_reg[0]/D (clocked by clk_0). Large setup violations at the end of those stages might be difficult to fix during the post-placement implementation flow and could be the result of non-optimal XDC constraints or non-optimal design architecture
Related violations: <none>

TIMING-16#90 Warning
Large setup violation  
There is a large setup violation of -1.138 ns between game_reset_btn_cond/M_ctr_q_reg[19]/C (clocked by clk_0) and game_machine/regfile_unit/M_free_regE_q_reg[2]/D (clocked by clk_0). Large setup violations at the end of those stages might be difficult to fix during the post-placement implementation flow and could be the result of non-optimal XDC constraints or non-optimal design architecture
Related violations: <none>

TIMING-16#91 Warning
Large setup violation  
There is a large setup violation of -1.140 ns between game_reset_btn_cond/M_ctr_q_reg[19]/C (clocked by clk_0) and game_machine/regfile_unit/M_round_countdown_reg_q_reg[2]/D (clocked by clk_0). Large setup violations at the end of those stages might be difficult to fix during the post-placement implementation flow and could be the result of non-optimal XDC constraints or non-optimal design architecture
Related violations: <none>

TIMING-16#92 Warning
Large setup violation  
There is a large setup violation of -1.141 ns between game_reset_btn_cond/M_ctr_q_reg[19]/C (clocked by clk_0) and game_machine/regfile_unit/M_free_regF_q_reg[2]/D (clocked by clk_0). Large setup violations at the end of those stages might be difficult to fix during the post-placement implementation flow and could be the result of non-optimal XDC constraints or non-optimal design architecture
Related violations: <none>

TIMING-16#93 Warning
Large setup violation  
There is a large setup violation of -1.144 ns between game_reset_btn_cond/M_ctr_q_reg[19]/C (clocked by clk_0) and game_machine/regfile_unit/M_free_regF_q_reg[5]/D (clocked by clk_0). Large setup violations at the end of those stages might be difficult to fix during the post-placement implementation flow and could be the result of non-optimal XDC constraints or non-optimal design architecture
Related violations: <none>

TIMING-16#94 Warning
Large setup violation  
There is a large setup violation of -1.145 ns between game_reset_btn_cond/M_ctr_q_reg[19]/C (clocked by clk_0) and game_machine/regfile_unit/M_p1_button_q_reg[0]/D (clocked by clk_0). Large setup violations at the end of those stages might be difficult to fix during the post-placement implementation flow and could be the result of non-optimal XDC constraints or non-optimal design architecture
Related violations: <none>

TIMING-16#95 Warning
Large setup violation  
There is a large setup violation of -1.150 ns between game_reset_btn_cond/M_ctr_q_reg[19]/C (clocked by clk_0) and game_machine/regfile_unit/M_free_regF_q_reg[12]/D (clocked by clk_0). Large setup violations at the end of those stages might be difficult to fix during the post-placement implementation flow and could be the result of non-optimal XDC constraints or non-optimal design architecture
Related violations: <none>

TIMING-16#96 Warning
Large setup violation  
There is a large setup violation of -1.151 ns between game_reset_btn_cond/M_ctr_q_reg[19]/C (clocked by clk_0) and game_machine/regfile_unit/M_p1_scorereg_q_reg[0]/D (clocked by clk_0). Large setup violations at the end of those stages might be difficult to fix during the post-placement implementation flow and could be the result of non-optimal XDC constraints or non-optimal design architecture
Related violations: <none>

TIMING-16#97 Warning
Large setup violation  
There is a large setup violation of -1.151 ns between game_reset_btn_cond/M_ctr_q_reg[19]/C (clocked by clk_0) and game_machine/regfile_unit/M_p1_scorereg_q_reg[5]/D (clocked by clk_0). Large setup violations at the end of those stages might be difficult to fix during the post-placement implementation flow and could be the result of non-optimal XDC constraints or non-optimal design architecture
Related violations: <none>

TIMING-16#98 Warning
Large setup violation  
There is a large setup violation of -1.151 ns between game_reset_btn_cond/M_ctr_q_reg[19]/C (clocked by clk_0) and game_machine/regfile_unit/M_round_ans_reg_q_reg[0]/D (clocked by clk_0). Large setup violations at the end of those stages might be difficult to fix during the post-placement implementation flow and could be the result of non-optimal XDC constraints or non-optimal design architecture
Related violations: <none>

TIMING-16#99 Warning
Large setup violation  
There is a large setup violation of -1.152 ns between game_reset_btn_cond/M_ctr_q_reg[19]/C (clocked by clk_0) and game_machine/regfile_unit/M_free_regF_q_reg[11]/D (clocked by clk_0). Large setup violations at the end of those stages might be difficult to fix during the post-placement implementation flow and could be the result of non-optimal XDC constraints or non-optimal design architecture
Related violations: <none>

TIMING-16#100 Warning
Large setup violation  
There is a large setup violation of -1.156 ns between game_reset_btn_cond/M_ctr_q_reg[19]/C (clocked by clk_0) and game_machine/regfile_unit/M_p1_button_q_reg[11]/D (clocked by clk_0). Large setup violations at the end of those stages might be difficult to fix during the post-placement implementation flow and could be the result of non-optimal XDC constraints or non-optimal design architecture
Related violations: <none>

TIMING-16#101 Warning
Large setup violation  
There is a large setup violation of -1.158 ns between game_reset_btn_cond/M_ctr_q_reg[19]/C (clocked by clk_0) and game_machine/regfile_unit/M_free_regC_q_reg[7]/D (clocked by clk_0). Large setup violations at the end of those stages might be difficult to fix during the post-placement implementation flow and could be the result of non-optimal XDC constraints or non-optimal design architecture
Related violations: <none>

TIMING-16#102 Warning
Large setup violation  
There is a large setup violation of -1.159 ns between game_reset_btn_cond/M_ctr_q_reg[19]/C (clocked by clk_0) and game_machine/regfile_unit/M_display_config_reg_q_reg[13]/D (clocked by clk_0). Large setup violations at the end of those stages might be difficult to fix during the post-placement implementation flow and could be the result of non-optimal XDC constraints or non-optimal design architecture
Related violations: <none>

TIMING-16#103 Warning
Large setup violation  
There is a large setup violation of -1.160 ns between game_reset_btn_cond/M_ctr_q_reg[19]/C (clocked by clk_0) and game_machine/regfile_unit/M_free_regF_q_reg[0]_lopt_replica/D (clocked by clk_0). Large setup violations at the end of those stages might be difficult to fix during the post-placement implementation flow and could be the result of non-optimal XDC constraints or non-optimal design architecture
Related violations: <none>

TIMING-16#104 Warning
Large setup violation  
There is a large setup violation of -1.162 ns between game_reset_btn_cond/M_ctr_q_reg[19]/C (clocked by clk_0) and game_machine/regfile_unit/M_p1_scorereg_q_reg[9]/D (clocked by clk_0). Large setup violations at the end of those stages might be difficult to fix during the post-placement implementation flow and could be the result of non-optimal XDC constraints or non-optimal design architecture
Related violations: <none>

TIMING-16#105 Warning
Large setup violation  
There is a large setup violation of -1.164 ns between game_reset_btn_cond/M_ctr_q_reg[19]/C (clocked by clk_0) and game_machine/regfile_unit/M_free_regE_q_reg[13]/D (clocked by clk_0). Large setup violations at the end of those stages might be difficult to fix during the post-placement implementation flow and could be the result of non-optimal XDC constraints or non-optimal design architecture
Related violations: <none>

TIMING-16#106 Warning
Large setup violation  
There is a large setup violation of -1.164 ns between game_reset_btn_cond/M_ctr_q_reg[19]/C (clocked by clk_0) and game_machine/regfile_unit/M_round_ans_reg_q_reg[0]_lopt_replica/D (clocked by clk_0). Large setup violations at the end of those stages might be difficult to fix during the post-placement implementation flow and could be the result of non-optimal XDC constraints or non-optimal design architecture
Related violations: <none>

TIMING-16#107 Warning
Large setup violation  
There is a large setup violation of -1.166 ns between game_reset_btn_cond/M_ctr_q_reg[19]/C (clocked by clk_0) and game_machine/regfile_unit/M_round_countdown_reg_q_reg[12]/D (clocked by clk_0). Large setup violations at the end of those stages might be difficult to fix during the post-placement implementation flow and could be the result of non-optimal XDC constraints or non-optimal design architecture
Related violations: <none>

TIMING-16#108 Warning
Large setup violation  
There is a large setup violation of -1.168 ns between game_reset_btn_cond/M_ctr_q_reg[19]/C (clocked by clk_0) and game_machine/regfile_unit/M_round_ans_reg_q_reg[9]/D (clocked by clk_0). Large setup violations at the end of those stages might be difficult to fix during the post-placement implementation flow and could be the result of non-optimal XDC constraints or non-optimal design architecture
Related violations: <none>

TIMING-16#109 Warning
Large setup violation  
There is a large setup violation of -1.168 ns between game_reset_btn_cond/M_ctr_q_reg[19]/C (clocked by clk_0) and game_machine/regfile_unit/M_round_countdown_reg_q_reg[8]/D (clocked by clk_0). Large setup violations at the end of those stages might be difficult to fix during the post-placement implementation flow and could be the result of non-optimal XDC constraints or non-optimal design architecture
Related violations: <none>

TIMING-16#110 Warning
Large setup violation  
There is a large setup violation of -1.170 ns between game_reset_btn_cond/M_ctr_q_reg[19]/C (clocked by clk_0) and game_machine/regfile_unit/M_free_regC_q_reg[1]/D (clocked by clk_0). Large setup violations at the end of those stages might be difficult to fix during the post-placement implementation flow and could be the result of non-optimal XDC constraints or non-optimal design architecture
Related violations: <none>

TIMING-16#111 Warning
Large setup violation  
There is a large setup violation of -1.170 ns between game_reset_btn_cond/M_ctr_q_reg[19]/C (clocked by clk_0) and game_machine/regfile_unit/M_round_num_reg_q_reg[11]/D (clocked by clk_0). Large setup violations at the end of those stages might be difficult to fix during the post-placement implementation flow and could be the result of non-optimal XDC constraints or non-optimal design architecture
Related violations: <none>

TIMING-16#112 Warning
Large setup violation  
There is a large setup violation of -1.171 ns between game_reset_btn_cond/M_ctr_q_reg[19]/C (clocked by clk_0) and game_machine/regfile_unit/M_display_config_reg_q_reg[6]/D (clocked by clk_0). Large setup violations at the end of those stages might be difficult to fix during the post-placement implementation flow and could be the result of non-optimal XDC constraints or non-optimal design architecture
Related violations: <none>

TIMING-16#113 Warning
Large setup violation  
There is a large setup violation of -1.171 ns between game_reset_btn_cond/M_ctr_q_reg[19]/C (clocked by clk_0) and game_machine/regfile_unit/M_p2_button_q_reg[8]/D (clocked by clk_0). Large setup violations at the end of those stages might be difficult to fix during the post-placement implementation flow and could be the result of non-optimal XDC constraints or non-optimal design architecture
Related violations: <none>

TIMING-16#114 Warning
Large setup violation  
There is a large setup violation of -1.172 ns between game_reset_btn_cond/M_ctr_q_reg[19]/C (clocked by clk_0) and game_machine/regfile_unit/M_free_regD_q_reg[2]/D (clocked by clk_0). Large setup violations at the end of those stages might be difficult to fix during the post-placement implementation flow and could be the result of non-optimal XDC constraints or non-optimal design architecture
Related violations: <none>

TIMING-16#115 Warning
Large setup violation  
There is a large setup violation of -1.173 ns between game_reset_btn_cond/M_ctr_q_reg[19]/C (clocked by clk_0) and game_machine/regfile_unit/M_p1_ban_reg_q_reg[12]/D (clocked by clk_0). Large setup violations at the end of those stages might be difficult to fix during the post-placement implementation flow and could be the result of non-optimal XDC constraints or non-optimal design architecture
Related violations: <none>

TIMING-16#116 Warning
Large setup violation  
There is a large setup violation of -1.173 ns between game_reset_btn_cond/M_ctr_q_reg[19]/C (clocked by clk_0) and game_machine/regfile_unit/M_p2_scorereg_q_reg[11]/D (clocked by clk_0). Large setup violations at the end of those stages might be difficult to fix during the post-placement implementation flow and could be the result of non-optimal XDC constraints or non-optimal design architecture
Related violations: <none>

TIMING-16#117 Warning
Large setup violation  
There is a large setup violation of -1.175 ns between game_reset_btn_cond/M_ctr_q_reg[19]/C (clocked by clk_0) and game_machine/regfile_unit/M_round_ans_reg_q_reg[2]/D (clocked by clk_0). Large setup violations at the end of those stages might be difficult to fix during the post-placement implementation flow and could be the result of non-optimal XDC constraints or non-optimal design architecture
Related violations: <none>

TIMING-16#118 Warning
Large setup violation  
There is a large setup violation of -1.176 ns between game_reset_btn_cond/M_ctr_q_reg[19]/C (clocked by clk_0) and game_machine/regfile_unit/M_free_regE_q_reg[0]/D (clocked by clk_0). Large setup violations at the end of those stages might be difficult to fix during the post-placement implementation flow and could be the result of non-optimal XDC constraints or non-optimal design architecture
Related violations: <none>

TIMING-16#119 Warning
Large setup violation  
There is a large setup violation of -1.177 ns between game_reset_btn_cond/M_ctr_q_reg[19]/C (clocked by clk_0) and game_machine/regfile_unit/M_p2_ban_reg_q_reg[11]/D (clocked by clk_0). Large setup violations at the end of those stages might be difficult to fix during the post-placement implementation flow and could be the result of non-optimal XDC constraints or non-optimal design architecture
Related violations: <none>

TIMING-16#120 Warning
Large setup violation  
There is a large setup violation of -1.178 ns between game_reset_btn_cond/M_ctr_q_reg[19]/C (clocked by clk_0) and game_machine/regfile_unit/M_display_config_reg_q_reg[7]/D (clocked by clk_0). Large setup violations at the end of those stages might be difficult to fix during the post-placement implementation flow and could be the result of non-optimal XDC constraints or non-optimal design architecture
Related violations: <none>

TIMING-16#121 Warning
Large setup violation  
There is a large setup violation of -1.178 ns between game_reset_btn_cond/M_ctr_q_reg[19]/C (clocked by clk_0) and game_machine/regfile_unit/M_p2_ban_reg_q_reg[8]/D (clocked by clk_0). Large setup violations at the end of those stages might be difficult to fix during the post-placement implementation flow and could be the result of non-optimal XDC constraints or non-optimal design architecture
Related violations: <none>

TIMING-16#122 Warning
Large setup violation  
There is a large setup violation of -1.179 ns between game_reset_btn_cond/M_ctr_q_reg[19]/C (clocked by clk_0) and game_machine/regfile_unit/M_p1_ban_reg_q_reg[3]/D (clocked by clk_0). Large setup violations at the end of those stages might be difficult to fix during the post-placement implementation flow and could be the result of non-optimal XDC constraints or non-optimal design architecture
Related violations: <none>

TIMING-16#123 Warning
Large setup violation  
There is a large setup violation of -1.179 ns between game_reset_btn_cond/M_ctr_q_reg[19]/C (clocked by clk_0) and game_machine/regfile_unit/M_p2_button_q_reg[2]_lopt_replica/D (clocked by clk_0). Large setup violations at the end of those stages might be difficult to fix during the post-placement implementation flow and could be the result of non-optimal XDC constraints or non-optimal design architecture
Related violations: <none>

TIMING-16#124 Warning
Large setup violation  
There is a large setup violation of -1.179 ns between game_reset_btn_cond/M_ctr_q_reg[19]/C (clocked by clk_0) and game_machine/regfile_unit/M_round_countdown_reg_q_reg[11]/D (clocked by clk_0). Large setup violations at the end of those stages might be difficult to fix during the post-placement implementation flow and could be the result of non-optimal XDC constraints or non-optimal design architecture
Related violations: <none>

TIMING-16#125 Warning
Large setup violation  
There is a large setup violation of -1.185 ns between game_reset_btn_cond/M_ctr_q_reg[19]/C (clocked by clk_0) and game_machine/regfile_unit/M_p2_ban_reg_q_reg[2]/D (clocked by clk_0). Large setup violations at the end of those stages might be difficult to fix during the post-placement implementation flow and could be the result of non-optimal XDC constraints or non-optimal design architecture
Related violations: <none>

TIMING-16#126 Warning
Large setup violation  
There is a large setup violation of -1.186 ns between game_reset_btn_cond/M_ctr_q_reg[19]/C (clocked by clk_0) and game_machine/regfile_unit/M_display_config_reg_q_reg[11]/D (clocked by clk_0). Large setup violations at the end of those stages might be difficult to fix during the post-placement implementation flow and could be the result of non-optimal XDC constraints or non-optimal design architecture
Related violations: <none>

TIMING-16#127 Warning
Large setup violation  
There is a large setup violation of -1.186 ns between game_reset_btn_cond/M_ctr_q_reg[19]/C (clocked by clk_0) and game_machine/regfile_unit/M_free_regE_q_reg[9]/D (clocked by clk_0). Large setup violations at the end of those stages might be difficult to fix during the post-placement implementation flow and could be the result of non-optimal XDC constraints or non-optimal design architecture
Related violations: <none>

TIMING-16#128 Warning
Large setup violation  
There is a large setup violation of -1.187 ns between game_reset_btn_cond/M_ctr_q_reg[19]/C (clocked by clk_0) and game_machine/regfile_unit/M_free_regC_q_reg[2]/D (clocked by clk_0). Large setup violations at the end of those stages might be difficult to fix during the post-placement implementation flow and could be the result of non-optimal XDC constraints or non-optimal design architecture
Related violations: <none>

TIMING-16#129 Warning
Large setup violation  
There is a large setup violation of -1.187 ns between game_reset_btn_cond/M_ctr_q_reg[19]/C (clocked by clk_0) and game_machine/regfile_unit/M_p1_button_q_reg[1]/D (clocked by clk_0). Large setup violations at the end of those stages might be difficult to fix during the post-placement implementation flow and could be the result of non-optimal XDC constraints or non-optimal design architecture
Related violations: <none>

TIMING-16#130 Warning
Large setup violation  
There is a large setup violation of -1.189 ns between game_reset_btn_cond/M_ctr_q_reg[19]/C (clocked by clk_0) and game_machine/regfile_unit/M_free_regB_q_reg[12]/D (clocked by clk_0). Large setup violations at the end of those stages might be difficult to fix during the post-placement implementation flow and could be the result of non-optimal XDC constraints or non-optimal design architecture
Related violations: <none>

TIMING-16#131 Warning
Large setup violation  
There is a large setup violation of -1.192 ns between game_reset_btn_cond/M_ctr_q_reg[19]/C (clocked by clk_0) and game_machine/regfile_unit/M_free_regF_q_reg[8]/D (clocked by clk_0). Large setup violations at the end of those stages might be difficult to fix during the post-placement implementation flow and could be the result of non-optimal XDC constraints or non-optimal design architecture
Related violations: <none>

TIMING-16#132 Warning
Large setup violation  
There is a large setup violation of -1.192 ns between game_reset_btn_cond/M_ctr_q_reg[19]/C (clocked by clk_0) and game_machine/regfile_unit/M_round_ans_reg_q_reg[11]/D (clocked by clk_0). Large setup violations at the end of those stages might be difficult to fix during the post-placement implementation flow and could be the result of non-optimal XDC constraints or non-optimal design architecture
Related violations: <none>

TIMING-16#133 Warning
Large setup violation  
There is a large setup violation of -1.193 ns between game_reset_btn_cond/M_ctr_q_reg[19]/C (clocked by clk_0) and game_machine/regfile_unit/M_free_regD_q_reg[6]/D (clocked by clk_0). Large setup violations at the end of those stages might be difficult to fix during the post-placement implementation flow and could be the result of non-optimal XDC constraints or non-optimal design architecture
Related violations: <none>

TIMING-16#134 Warning
Large setup violation  
There is a large setup violation of -1.193 ns between game_reset_btn_cond/M_ctr_q_reg[19]/C (clocked by clk_0) and game_machine/regfile_unit/M_round_ans_reg_q_reg[7]/D (clocked by clk_0). Large setup violations at the end of those stages might be difficult to fix during the post-placement implementation flow and could be the result of non-optimal XDC constraints or non-optimal design architecture
Related violations: <none>

TIMING-16#135 Warning
Large setup violation  
There is a large setup violation of -1.194 ns between game_reset_btn_cond/M_ctr_q_reg[19]/C (clocked by clk_0) and game_machine/regfile_unit/M_display_config_reg_q_reg[8]/D (clocked by clk_0). Large setup violations at the end of those stages might be difficult to fix during the post-placement implementation flow and could be the result of non-optimal XDC constraints or non-optimal design architecture
Related violations: <none>

TIMING-16#136 Warning
Large setup violation  
There is a large setup violation of -1.196 ns between game_reset_btn_cond/M_ctr_q_reg[19]/C (clocked by clk_0) and game_machine/regfile_unit/M_p2_scorereg_q_reg[8]/D (clocked by clk_0). Large setup violations at the end of those stages might be difficult to fix during the post-placement implementation flow and could be the result of non-optimal XDC constraints or non-optimal design architecture
Related violations: <none>

TIMING-16#137 Warning
Large setup violation  
There is a large setup violation of -1.198 ns between game_reset_btn_cond/M_ctr_q_reg[19]/C (clocked by clk_0) and game_machine/regfile_unit/M_round_num_reg_q_reg[13]/D (clocked by clk_0). Large setup violations at the end of those stages might be difficult to fix during the post-placement implementation flow and could be the result of non-optimal XDC constraints or non-optimal design architecture
Related violations: <none>

TIMING-16#138 Warning
Large setup violation  
There is a large setup violation of -1.200 ns between game_reset_btn_cond/M_ctr_q_reg[19]/C (clocked by clk_0) and game_machine/regfile_unit/M_p2_button_q_reg[11]/D (clocked by clk_0). Large setup violations at the end of those stages might be difficult to fix during the post-placement implementation flow and could be the result of non-optimal XDC constraints or non-optimal design architecture
Related violations: <none>

TIMING-16#139 Warning
Large setup violation  
There is a large setup violation of -1.203 ns between game_reset_btn_cond/M_ctr_q_reg[19]/C (clocked by clk_0) and game_machine/regfile_unit/M_free_regB_q_reg[13]/D (clocked by clk_0). Large setup violations at the end of those stages might be difficult to fix during the post-placement implementation flow and could be the result of non-optimal XDC constraints or non-optimal design architecture
Related violations: <none>

TIMING-16#140 Warning
Large setup violation  
There is a large setup violation of -1.203 ns between game_reset_btn_cond/M_ctr_q_reg[19]/C (clocked by clk_0) and game_machine/regfile_unit/M_free_regD_q_reg[11]/D (clocked by clk_0). Large setup violations at the end of those stages might be difficult to fix during the post-placement implementation flow and could be the result of non-optimal XDC constraints or non-optimal design architecture
Related violations: <none>

TIMING-16#141 Warning
Large setup violation  
There is a large setup violation of -1.203 ns between game_reset_btn_cond/M_ctr_q_reg[19]/C (clocked by clk_0) and game_machine/regfile_unit/M_free_regE_q_reg[12]/D (clocked by clk_0). Large setup violations at the end of those stages might be difficult to fix during the post-placement implementation flow and could be the result of non-optimal XDC constraints or non-optimal design architecture
Related violations: <none>

TIMING-16#142 Warning
Large setup violation  
There is a large setup violation of -1.207 ns between game_reset_btn_cond/M_ctr_q_reg[19]/C (clocked by clk_0) and game_machine/regfile_unit/M_p2_button_q_reg[6]/D (clocked by clk_0). Large setup violations at the end of those stages might be difficult to fix during the post-placement implementation flow and could be the result of non-optimal XDC constraints or non-optimal design architecture
Related violations: <none>

TIMING-16#143 Warning
Large setup violation  
There is a large setup violation of -1.210 ns between game_reset_btn_cond/M_ctr_q_reg[19]/C (clocked by clk_0) and game_machine/regfile_unit/M_p1_scorereg_q_reg[6]/D (clocked by clk_0). Large setup violations at the end of those stages might be difficult to fix during the post-placement implementation flow and could be the result of non-optimal XDC constraints or non-optimal design architecture
Related violations: <none>

TIMING-16#144 Warning
Large setup violation  
There is a large setup violation of -1.214 ns between game_reset_btn_cond/M_ctr_q_reg[19]/C (clocked by clk_0) and game_machine/regfile_unit/M_p2_scorereg_q_reg[2]/D (clocked by clk_0). Large setup violations at the end of those stages might be difficult to fix during the post-placement implementation flow and could be the result of non-optimal XDC constraints or non-optimal design architecture
Related violations: <none>

TIMING-16#145 Warning
Large setup violation  
There is a large setup violation of -1.215 ns between game_reset_btn_cond/M_ctr_q_reg[19]/C (clocked by clk_0) and game_machine/regfile_unit/M_display_config_reg_q_reg[1]/D (clocked by clk_0). Large setup violations at the end of those stages might be difficult to fix during the post-placement implementation flow and could be the result of non-optimal XDC constraints or non-optimal design architecture
Related violations: <none>

TIMING-16#146 Warning
Large setup violation  
There is a large setup violation of -1.215 ns between game_reset_btn_cond/M_ctr_q_reg[19]/C (clocked by clk_0) and game_machine/regfile_unit/M_free_regB_q_reg[4]/D (clocked by clk_0). Large setup violations at the end of those stages might be difficult to fix during the post-placement implementation flow and could be the result of non-optimal XDC constraints or non-optimal design architecture
Related violations: <none>

TIMING-16#147 Warning
Large setup violation  
There is a large setup violation of -1.215 ns between game_reset_btn_cond/M_ctr_q_reg[19]/C (clocked by clk_0) and game_machine/regfile_unit/M_free_regC_q_reg[3]/D (clocked by clk_0). Large setup violations at the end of those stages might be difficult to fix during the post-placement implementation flow and could be the result of non-optimal XDC constraints or non-optimal design architecture
Related violations: <none>

TIMING-16#148 Warning
Large setup violation  
There is a large setup violation of -1.215 ns between game_reset_btn_cond/M_ctr_q_reg[19]/C (clocked by clk_0) and game_machine/regfile_unit/M_free_regF_q_reg[7]/D (clocked by clk_0). Large setup violations at the end of those stages might be difficult to fix during the post-placement implementation flow and could be the result of non-optimal XDC constraints or non-optimal design architecture
Related violations: <none>

TIMING-16#149 Warning
Large setup violation  
There is a large setup violation of -1.215 ns between game_reset_btn_cond/M_ctr_q_reg[19]/C (clocked by clk_0) and game_machine/regfile_unit/M_p2_button_q_reg[4]/D (clocked by clk_0). Large setup violations at the end of those stages might be difficult to fix during the post-placement implementation flow and could be the result of non-optimal XDC constraints or non-optimal design architecture
Related violations: <none>

TIMING-16#150 Warning
Large setup violation  
There is a large setup violation of -1.228 ns between game_reset_btn_cond/M_ctr_q_reg[19]/C (clocked by clk_0) and game_machine/regfile_unit/M_round_num_reg_q_reg[5]/D (clocked by clk_0). Large setup violations at the end of those stages might be difficult to fix during the post-placement implementation flow and could be the result of non-optimal XDC constraints or non-optimal design architecture
Related violations: <none>

TIMING-16#151 Warning
Large setup violation  
There is a large setup violation of -1.229 ns between game_reset_btn_cond/M_ctr_q_reg[19]/C (clocked by clk_0) and game_machine/regfile_unit/M_p1_ban_reg_q_reg[7]/D (clocked by clk_0). Large setup violations at the end of those stages might be difficult to fix during the post-placement implementation flow and could be the result of non-optimal XDC constraints or non-optimal design architecture
Related violations: <none>

TIMING-16#152 Warning
Large setup violation  
There is a large setup violation of -1.233 ns between game_reset_btn_cond/M_ctr_q_reg[19]/C (clocked by clk_0) and game_machine/regfile_unit/M_p1_ban_reg_q_reg[13]/D (clocked by clk_0). Large setup violations at the end of those stages might be difficult to fix during the post-placement implementation flow and could be the result of non-optimal XDC constraints or non-optimal design architecture
Related violations: <none>

TIMING-16#153 Warning
Large setup violation  
There is a large setup violation of -1.235 ns between game_reset_btn_cond/M_ctr_q_reg[19]/C (clocked by clk_0) and game_machine/regfile_unit/M_free_regB_q_reg[8]/D (clocked by clk_0). Large setup violations at the end of those stages might be difficult to fix during the post-placement implementation flow and could be the result of non-optimal XDC constraints or non-optimal design architecture
Related violations: <none>

TIMING-16#154 Warning
Large setup violation  
There is a large setup violation of -1.236 ns between game_reset_btn_cond/M_ctr_q_reg[19]/C (clocked by clk_0) and game_machine/regfile_unit/M_round_countdown_reg_q_reg[7]/D (clocked by clk_0). Large setup violations at the end of those stages might be difficult to fix during the post-placement implementation flow and could be the result of non-optimal XDC constraints or non-optimal design architecture
Related violations: <none>

TIMING-16#155 Warning
Large setup violation  
There is a large setup violation of -1.247 ns between game_reset_btn_cond/M_ctr_q_reg[19]/C (clocked by clk_0) and game_machine/regfile_unit/M_display_config_reg_q_reg[12]/D (clocked by clk_0). Large setup violations at the end of those stages might be difficult to fix during the post-placement implementation flow and could be the result of non-optimal XDC constraints or non-optimal design architecture
Related violations: <none>

TIMING-16#156 Warning
Large setup violation  
There is a large setup violation of -1.257 ns between game_reset_btn_cond/M_ctr_q_reg[19]/C (clocked by clk_0) and game_machine/regfile_unit/M_p1_scorereg_q_reg[7]/D (clocked by clk_0). Large setup violations at the end of those stages might be difficult to fix during the post-placement implementation flow and could be the result of non-optimal XDC constraints or non-optimal design architecture
Related violations: <none>

TIMING-16#157 Warning
Large setup violation  
There is a large setup violation of -1.259 ns between game_reset_btn_cond/M_ctr_q_reg[19]/C (clocked by clk_0) and game_machine/regfile_unit/M_round_countdown_reg_q_reg[4]/D (clocked by clk_0). Large setup violations at the end of those stages might be difficult to fix during the post-placement implementation flow and could be the result of non-optimal XDC constraints or non-optimal design architecture
Related violations: <none>

TIMING-16#158 Warning
Large setup violation  
There is a large setup violation of -1.271 ns between game_reset_btn_cond/M_ctr_q_reg[19]/C (clocked by clk_0) and game_machine/regfile_unit/M_round_ans_reg_q_reg[6]/D (clocked by clk_0). Large setup violations at the end of those stages might be difficult to fix during the post-placement implementation flow and could be the result of non-optimal XDC constraints or non-optimal design architecture
Related violations: <none>

TIMING-16#159 Warning
Large setup violation  
There is a large setup violation of -1.279 ns between game_reset_btn_cond/M_ctr_q_reg[19]/C (clocked by clk_0) and game_machine/regfile_unit/M_free_regD_q_reg[13]/D (clocked by clk_0). Large setup violations at the end of those stages might be difficult to fix during the post-placement implementation flow and could be the result of non-optimal XDC constraints or non-optimal design architecture
Related violations: <none>

TIMING-16#160 Warning
Large setup violation  
There is a large setup violation of -1.289 ns between game_reset_btn_cond/M_ctr_q_reg[19]/C (clocked by clk_0) and game_machine/regfile_unit/M_p2_scorereg_q_reg[4]/D (clocked by clk_0). Large setup violations at the end of those stages might be difficult to fix during the post-placement implementation flow and could be the result of non-optimal XDC constraints or non-optimal design architecture
Related violations: <none>

TIMING-16#161 Warning
Large setup violation  
There is a large setup violation of -1.293 ns between game_reset_btn_cond/M_ctr_q_reg[19]/C (clocked by clk_0) and game_machine/regfile_unit/M_free_regF_q_reg[3]_lopt_replica/D (clocked by clk_0). Large setup violations at the end of those stages might be difficult to fix during the post-placement implementation flow and could be the result of non-optimal XDC constraints or non-optimal design architecture
Related violations: <none>

TIMING-16#162 Warning
Large setup violation  
There is a large setup violation of -1.303 ns between game_reset_btn_cond/M_ctr_q_reg[19]/C (clocked by clk_0) and game_machine/regfile_unit/M_round_ans_reg_q_reg[3]/D (clocked by clk_0). Large setup violations at the end of those stages might be difficult to fix during the post-placement implementation flow and could be the result of non-optimal XDC constraints or non-optimal design architecture
Related violations: <none>

TIMING-16#163 Warning
Large setup violation  
There is a large setup violation of -1.316 ns between game_reset_btn_cond/M_ctr_q_reg[19]/C (clocked by clk_0) and game_machine/regfile_unit/M_free_regF_q_reg[3]/D (clocked by clk_0). Large setup violations at the end of those stages might be difficult to fix during the post-placement implementation flow and could be the result of non-optimal XDC constraints or non-optimal design architecture
Related violations: <none>

TIMING-16#164 Warning
Large setup violation  
There is a large setup violation of -1.323 ns between game_reset_btn_cond/M_ctr_q_reg[19]/C (clocked by clk_0) and game_machine/regfile_unit/M_free_regF_q_reg[7]_lopt_replica/D (clocked by clk_0). Large setup violations at the end of those stages might be difficult to fix during the post-placement implementation flow and could be the result of non-optimal XDC constraints or non-optimal design architecture
Related violations: <none>

TIMING-16#165 Warning
Large setup violation  
There is a large setup violation of -1.330 ns between game_reset_btn_cond/M_ctr_q_reg[19]/C (clocked by clk_0) and game_machine/regfile_unit/M_round_num_reg_q_reg[4]/D (clocked by clk_0). Large setup violations at the end of those stages might be difficult to fix during the post-placement implementation flow and could be the result of non-optimal XDC constraints or non-optimal design architecture
Related violations: <none>

TIMING-16#166 Warning
Large setup violation  
There is a large setup violation of -1.332 ns between game_reset_btn_cond/M_ctr_q_reg[19]/C (clocked by clk_0) and game_machine/regfile_unit/M_p1_button_q_reg[6]/D (clocked by clk_0). Large setup violations at the end of those stages might be difficult to fix during the post-placement implementation flow and could be the result of non-optimal XDC constraints or non-optimal design architecture
Related violations: <none>

TIMING-16#167 Warning
Large setup violation  
There is a large setup violation of -1.344 ns between game_reset_btn_cond/M_ctr_q_reg[19]/C (clocked by clk_0) and game_machine/regfile_unit/M_free_regF_q_reg[6]/D (clocked by clk_0). Large setup violations at the end of those stages might be difficult to fix during the post-placement implementation flow and could be the result of non-optimal XDC constraints or non-optimal design architecture
Related violations: <none>

TIMING-16#168 Warning
Large setup violation  
There is a large setup violation of -1.346 ns between game_reset_btn_cond/M_ctr_q_reg[19]/C (clocked by clk_0) and game_machine/regfile_unit/M_free_regF_q_reg[6]_lopt_replica/D (clocked by clk_0). Large setup violations at the end of those stages might be difficult to fix during the post-placement implementation flow and could be the result of non-optimal XDC constraints or non-optimal design architecture
Related violations: <none>

TIMING-16#169 Warning
Large setup violation  
There is a large setup violation of -1.348 ns between game_reset_btn_cond/M_ctr_q_reg[19]/C (clocked by clk_0) and game_machine/regfile_unit/M_free_regF_q_reg[5]_lopt_replica/D (clocked by clk_0). Large setup violations at the end of those stages might be difficult to fix during the post-placement implementation flow and could be the result of non-optimal XDC constraints or non-optimal design architecture
Related violations: <none>

TIMING-16#170 Warning
Large setup violation  
There is a large setup violation of -1.352 ns between game_reset_btn_cond/M_ctr_q_reg[19]/C (clocked by clk_0) and game_machine/regfile_unit/M_p2_ban_reg_q_reg[6]/D (clocked by clk_0). Large setup violations at the end of those stages might be difficult to fix during the post-placement implementation flow and could be the result of non-optimal XDC constraints or non-optimal design architecture
Related violations: <none>

TIMING-16#171 Warning
Large setup violation  
There is a large setup violation of -1.378 ns between game_reset_btn_cond/M_ctr_q_reg[19]/C (clocked by clk_0) and game_machine/regfile_unit/M_p2_scorereg_q_reg[5]/D (clocked by clk_0). Large setup violations at the end of those stages might be difficult to fix during the post-placement implementation flow and could be the result of non-optimal XDC constraints or non-optimal design architecture
Related violations: <none>

TIMING-16#172 Warning
Large setup violation  
There is a large setup violation of -1.396 ns between game_reset_btn_cond/M_ctr_q_reg[19]/C (clocked by clk_0) and game_machine/regfile_unit/M_free_regC_q_reg[4]/D (clocked by clk_0). Large setup violations at the end of those stages might be difficult to fix during the post-placement implementation flow and could be the result of non-optimal XDC constraints or non-optimal design architecture
Related violations: <none>

TIMING-18#1 Warning
Missing input or output delay  
An input delay is missing on io_button[0] relative to clock(s) clk_0
Related violations: <none>

TIMING-18#2 Warning
Missing input or output delay  
An input delay is missing on io_button[1] relative to clock(s) clk_0
Related violations: <none>

TIMING-18#3 Warning
Missing input or output delay  
An input delay is missing on io_button[2] relative to clock(s) clk_0
Related violations: <none>

TIMING-18#4 Warning
Missing input or output delay  
An input delay is missing on io_button[3] relative to clock(s) clk_0
Related violations: <none>

TIMING-18#5 Warning
Missing input or output delay  
An input delay is missing on io_button[4] relative to clock(s) clk_0
Related violations: <none>

TIMING-18#6 Warning
Missing input or output delay  
An input delay is missing on rst_n relative to clock(s) clk_0
Related violations: <none>

TIMING-18#7 Warning
Missing input or output delay  
An output delay is missing on io_led[0] relative to clock(s) clk_0
Related violations: <none>

TIMING-18#8 Warning
Missing input or output delay  
An output delay is missing on io_led[10] relative to clock(s) clk_0
Related violations: <none>

TIMING-18#9 Warning
Missing input or output delay  
An output delay is missing on io_led[11] relative to clock(s) clk_0
Related violations: <none>

TIMING-18#10 Warning
Missing input or output delay  
An output delay is missing on io_led[12] relative to clock(s) clk_0
Related violations: <none>

TIMING-18#11 Warning
Missing input or output delay  
An output delay is missing on io_led[13] relative to clock(s) clk_0
Related violations: <none>

TIMING-18#12 Warning
Missing input or output delay  
An output delay is missing on io_led[14] relative to clock(s) clk_0
Related violations: <none>

TIMING-18#13 Warning
Missing input or output delay  
An output delay is missing on io_led[15] relative to clock(s) clk_0
Related violations: <none>

TIMING-18#14 Warning
Missing input or output delay  
An output delay is missing on io_led[16] relative to clock(s) clk_0
Related violations: <none>

TIMING-18#15 Warning
Missing input or output delay  
An output delay is missing on io_led[17] relative to clock(s) clk_0
Related violations: <none>

TIMING-18#16 Warning
Missing input or output delay  
An output delay is missing on io_led[18] relative to clock(s) clk_0
Related violations: <none>

TIMING-18#17 Warning
Missing input or output delay  
An output delay is missing on io_led[19] relative to clock(s) clk_0
Related violations: <none>

TIMING-18#18 Warning
Missing input or output delay  
An output delay is missing on io_led[1] relative to clock(s) clk_0
Related violations: <none>

TIMING-18#19 Warning
Missing input or output delay  
An output delay is missing on io_led[20] relative to clock(s) clk_0
Related violations: <none>

TIMING-18#20 Warning
Missing input or output delay  
An output delay is missing on io_led[21] relative to clock(s) clk_0
Related violations: <none>

TIMING-18#21 Warning
Missing input or output delay  
An output delay is missing on io_led[22] relative to clock(s) clk_0
Related violations: <none>

TIMING-18#22 Warning
Missing input or output delay  
An output delay is missing on io_led[23] relative to clock(s) clk_0
Related violations: <none>

TIMING-18#23 Warning
Missing input or output delay  
An output delay is missing on io_led[2] relative to clock(s) clk_0
Related violations: <none>

TIMING-18#24 Warning
Missing input or output delay  
An output delay is missing on io_led[3] relative to clock(s) clk_0
Related violations: <none>

TIMING-18#25 Warning
Missing input or output delay  
An output delay is missing on io_led[4] relative to clock(s) clk_0
Related violations: <none>

TIMING-18#26 Warning
Missing input or output delay  
An output delay is missing on io_led[5] relative to clock(s) clk_0
Related violations: <none>

TIMING-18#27 Warning
Missing input or output delay  
An output delay is missing on io_led[6] relative to clock(s) clk_0
Related violations: <none>

TIMING-18#28 Warning
Missing input or output delay  
An output delay is missing on io_led[7] relative to clock(s) clk_0
Related violations: <none>

TIMING-18#29 Warning
Missing input or output delay  
An output delay is missing on io_led[8] relative to clock(s) clk_0
Related violations: <none>

TIMING-18#30 Warning
Missing input or output delay  
An output delay is missing on io_led[9] relative to clock(s) clk_0
Related violations: <none>

TIMING-18#31 Warning
Missing input or output delay  
An output delay is missing on io_seg[0] relative to clock(s) clk_0
Related violations: <none>

TIMING-18#32 Warning
Missing input or output delay  
An output delay is missing on io_seg[1] relative to clock(s) clk_0
Related violations: <none>

TIMING-18#33 Warning
Missing input or output delay  
An output delay is missing on io_seg[2] relative to clock(s) clk_0
Related violations: <none>

TIMING-18#34 Warning
Missing input or output delay  
An output delay is missing on io_seg[3] relative to clock(s) clk_0
Related violations: <none>

TIMING-18#35 Warning
Missing input or output delay  
An output delay is missing on io_seg[4] relative to clock(s) clk_0
Related violations: <none>

TIMING-18#36 Warning
Missing input or output delay  
An output delay is missing on io_seg[5] relative to clock(s) clk_0
Related violations: <none>

TIMING-18#37 Warning
Missing input or output delay  
An output delay is missing on io_seg[6] relative to clock(s) clk_0
Related violations: <none>

TIMING-18#38 Warning
Missing input or output delay  
An output delay is missing on io_seg[7] relative to clock(s) clk_0
Related violations: <none>

TIMING-18#39 Warning
Missing input or output delay  
An output delay is missing on io_sel[0] relative to clock(s) clk_0
Related violations: <none>

TIMING-18#40 Warning
Missing input or output delay  
An output delay is missing on io_sel[1] relative to clock(s) clk_0
Related violations: <none>

TIMING-18#41 Warning
Missing input or output delay  
An output delay is missing on io_sel[2] relative to clock(s) clk_0
Related violations: <none>

TIMING-18#42 Warning
Missing input or output delay  
An output delay is missing on io_sel[3] relative to clock(s) clk_0
Related violations: <none>

TIMING-20#1 Warning
Non-clocked latch  
The latch game_machine/alu_unit/compareUnit/out_reg[0] cannot be properly analyzed as its control pin game_machine/alu_unit/compareUnit/out_reg[0]/G is not reached by a timing clock
Related violations: <none>


