Copyright 1986-2020 Xilinx, Inc. All Rights Reserved.
-------------------------------------------------------------------------------------
| Tool Version : Vivado v.2020.2 (win64) Build 3064766 Wed Nov 18 09:12:45 MST 2020
| Date         : Thu Apr  6 22:44:28 2023
| Host         : LAPTOP-C9N1JGD5 running 64-bit major release  (build 9200)
| Command      : report_control_sets -verbose -file au_top_0_control_sets_placed.rpt
| Design       : au_top_0
| Device       : xc7a35t
-------------------------------------------------------------------------------------

Control Set Information

Table of Contents
-----------------
1. Summary
2. Histogram
3. Flip-Flop Distribution
4. Detailed Control Set Information

1. Summary
----------

+----------------------------------------------------------+-------+
|                          Status                          | Count |
+----------------------------------------------------------+-------+
| Total control sets                                       |    28 |
|    Minimum number of control sets                        |    28 |
|    Addition due to synthesis replication                 |     0 |
|    Addition due to physical synthesis replication        |     0 |
| Unused register locations in slices containing registers |    59 |
+----------------------------------------------------------+-------+
* Control sets can be merged at opt_design using control_set_merge or merge_equivalent_drivers
** Run report_qor_suggestions for automated merging and remapping suggestions


2. Histogram
------------

+--------------------+-------+
|       Fanout       | Count |
+--------------------+-------+
| Total control sets |    28 |
| >= 0 to < 4        |     1 |
| >= 4 to < 6        |     1 |
| >= 6 to < 8        |     0 |
| >= 8 to < 10       |     0 |
| >= 10 to < 12      |     0 |
| >= 12 to < 14      |     0 |
| >= 14 to < 16      |     1 |
| >= 16              |    25 |
+--------------------+-------+
* Control sets can be remapped at either synth_design or opt_design


3. Flip-Flop Distribution
-------------------------

+--------------+-----------------------+------------------------+-----------------+--------------+
| Clock Enable | Synchronous Set/Reset | Asynchronous Set/Reset | Total Registers | Total Slices |
+--------------+-----------------------+------------------------+-----------------+--------------+
| No           | No                    | No                     |              16 |            9 |
| No           | No                    | Yes                    |               0 |            0 |
| No           | Yes                   | No                     |              54 |           18 |
| Yes          | No                    | No                     |              32 |           13 |
| Yes          | No                    | Yes                    |               0 |            0 |
| Yes          | Yes                   | No                     |             503 |          183 |
+--------------+-----------------------+------------------------+-----------------+--------------+


4. Detailed Control Set Information
-----------------------------------

+---------------------------------------------------------+----------------------------------------------------------------------+-----------------------------------------------------------------------+------------------+----------------+--------------+
|                       Clock Signal                      |                             Enable Signal                            |                            Set/Reset Signal                           | Slice Load Count | Bel Load Count | Bels / Slice |
+---------------------------------------------------------+----------------------------------------------------------------------+-----------------------------------------------------------------------+------------------+----------------+--------------+
|  game_machine/game_cu/FSM_onehot_M_game_fsm_q_reg[46]_0 |                                                                      |                                                                       |                1 |              1 |         1.00 |
|  clk_IBUF_BUFG                                          |                                                                      | reset_cond/M_reset_cond_in                                            |                2 |              4 |         2.00 |
|  clk_IBUF_BUFG                                          |                                                                      |                                                                       |                8 |             15 |         1.88 |
|  clk_IBUF_BUFG                                          | game_machine/game_cu/FSM_onehot_M_game_fsm_q_reg[49]_10[0]           | game_reset_btn_cond/M_game_machine_reset_button                       |                9 |             16 |         1.78 |
|  clk_IBUF_BUFG                                          | game_machine/game_cu/FSM_onehot_M_game_fsm_q_reg[49]_14[0]           | game_reset_btn_cond/M_game_machine_reset_button                       |                6 |             16 |         2.67 |
|  clk_IBUF_BUFG                                          | game_machine/game_cu/FSM_onehot_M_game_fsm_q_reg[49]_7[0]            | game_reset_btn_cond/M_game_machine_reset_button                       |               10 |             16 |         1.60 |
|  clk_IBUF_BUFG                                          | game_machine/game_cu/FSM_onehot_M_game_fsm_q_reg[49]_13[0]           | game_reset_btn_cond/M_game_machine_reset_button                       |                9 |             16 |         1.78 |
|  clk_IBUF_BUFG                                          | game_machine/game_cu/FSM_onehot_M_game_fsm_q_reg[49]_2[0]            | game_reset_btn_cond/M_game_machine_reset_button                       |                7 |             16 |         2.29 |
|  clk_IBUF_BUFG                                          | game_machine/game_cu/FSM_onehot_M_game_fsm_q_reg[49]_1[0]            | game_reset_btn_cond/M_game_machine_reset_button                       |                7 |             16 |         2.29 |
|  clk_IBUF_BUFG                                          | game_machine/game_cu/FSM_onehot_M_game_fsm_q_reg[49]_12[0]           | game_reset_btn_cond/M_game_machine_reset_button                       |                8 |             16 |         2.00 |
|  clk_IBUF_BUFG                                          | game_machine/game_cu/FSM_onehot_M_game_fsm_q_reg[49]_11[0]           | game_reset_btn_cond/M_game_machine_reset_button                       |                8 |             16 |         2.00 |
|  clk_IBUF_BUFG                                          | game_machine/game_cu/FSM_onehot_M_game_fsm_q_reg[49]_3[0]            | game_reset_btn_cond/M_game_machine_reset_button                       |               10 |             16 |         1.60 |
|  clk_IBUF_BUFG                                          | game_machine/game_cu/FSM_onehot_M_game_fsm_q_reg[49]_6[0]            | game_reset_btn_cond/M_game_machine_reset_button                       |                7 |             16 |         2.29 |
|  clk_IBUF_BUFG                                          | game_machine/game_cu/FSM_onehot_M_game_fsm_q_reg[49]_0[0]            | game_reset_btn_cond/M_game_machine_reset_button                       |                6 |             16 |         2.67 |
|  clk_IBUF_BUFG                                          | game_machine/game_cu/FSM_onehot_M_game_fsm_q_reg[49]_9[0]            | game_reset_btn_cond/M_game_machine_reset_button                       |                7 |             17 |         2.43 |
|  clk_IBUF_BUFG                                          |                                                                      | reset_cond/Q[0]                                                       |                4 |             18 |         4.50 |
|  clk_IBUF_BUFG                                          | game_machine/game_cu/FSM_onehot_M_game_fsm_q_reg[49]_8[0]            | game_reset_btn_cond/M_game_machine_reset_button                       |               11 |             19 |         1.73 |
|  clk_IBUF_BUFG                                          | game_machine/game_cu/FSM_onehot_M_game_fsm_q_reg[49]_4[0]            | game_reset_btn_cond/M_game_machine_reset_button                       |                8 |             19 |         2.38 |
|  clk_IBUF_BUFG                                          | game_reset_btn_cond/M_ctr_q[0]_i_2__3_n_0                            | game_reset_btn_cond/sync/M_pipe_q_reg[1]_0                            |                5 |             20 |         4.00 |
|  clk_IBUF_BUFG                                          | increse_time_btn_ctd/M_ctr_q[0]_i_2__2_n_0                           | increse_time_btn_ctd/sync/M_pipe_q_reg[1]_0                           |                5 |             20 |         4.00 |
|  clk_IBUF_BUFG                                          | next_state_btn_ctd/M_ctr_q[0]_i_2__1_n_0                             | next_state_btn_ctd/sync/M_pipe_q_reg[1]_0                             |                5 |             20 |         4.00 |
|  clk_IBUF_BUFG                                          | player_button_cond_gen_0[0].player_button_cond/M_ctr_q[0]_i_2_n_0    | player_button_cond_gen_0[0].player_button_cond/sync/M_pipe_q_reg[1]_0 |                5 |             20 |         4.00 |
|  clk_IBUF_BUFG                                          | player_button_cond_gen_0[1].player_button_cond/M_ctr_q[0]_i_2__0_n_0 | player_button_cond_gen_0[1].player_button_cond/sync/M_pipe_q_reg[1]_0 |                5 |             20 |         4.00 |
|  clk_IBUF_BUFG                                          | game_machine/game_cu/FSM_onehot_M_game_fsm_q_reg[49]_5[0]            | game_reset_btn_cond/M_game_machine_reset_button                       |                9 |             24 |         2.67 |
|  clk_IBUF_BUFG                                          |                                                                      | game_reset_btn_cond/M_game_machine_reset_button                       |               12 |             32 |         2.67 |
|  clk_IBUF_BUFG                                          | game_machine/game_cu/E[0]                                            |                                                                       |               13 |             32 |         2.46 |
|  clk_IBUF_BUFG                                          | game_machine/game_cu/FSM_onehot_M_game_fsm_q[51]_i_1_n_0             | game_reset_btn_cond/M_game_machine_reset_button                       |               14 |             52 |         3.71 |
|  clk_IBUF_BUFG                                          | game_machine/regfile_unit/E[0]                                       | game_reset_btn_cond/M_game_machine_reset_button                       |               22 |             96 |         4.36 |
+---------------------------------------------------------+----------------------------------------------------------------------+-----------------------------------------------------------------------+------------------+----------------+--------------+


